TN:
SF:src/store/useTodoStore.js
FN:12,fetchTodos
FN:24,addTodo
FN:41,toggleTodo
FN:60,deleteTodo
FN:74,updateTodo
FNF:5
FNH:4
FNDA:1,fetchTodos
FNDA:1,addTodo
FNDA:1,toggleTodo
FNDA:1,deleteTodo
FNDA:0,updateTodo
DA:1,1
DA:2,1
DA:4,1
DA:6,1
DA:7,1
DA:8,1
DA:9,1
DA:10,1
DA:11,1
DA:12,1
DA:13,1
DA:14,1
DA:15,1
DA:16,1
DA:17,1
DA:18,0
DA:19,0
DA:20,0
DA:21,1
DA:23,1
DA:24,1
DA:25,1
DA:26,1
DA:27,1
DA:28,1
DA:29,1
DA:30,1
DA:31,1
DA:32,1
DA:33,1
DA:34,0
DA:35,0
DA:36,0
DA:37,0
DA:38,1
DA:40,1
DA:41,1
DA:42,1
DA:43,1
DA:44,1
DA:45,1
DA:46,1
DA:47,1
DA:48,1
DA:49,1
DA:50,1
DA:51,1
DA:52,1
DA:53,1
DA:54,0
DA:55,0
DA:56,0
DA:57,1
DA:59,1
DA:60,1
DA:61,1
DA:62,1
DA:63,1
DA:64,1
DA:65,1
DA:66,1
DA:67,1
DA:68,0
DA:69,0
DA:70,0
DA:71,1
DA:73,1
DA:74,1
DA:75,0
DA:76,0
DA:77,0
DA:78,0
DA:79,0
DA:80,0
DA:81,0
DA:82,0
DA:83,0
DA:84,0
DA:85,0
DA:86,0
DA:87,0
DA:88,0
DA:89,0
DA:90,1
DA:91,1
LF:85
LH:57
BRDA:6,0,0,1
BRDA:12,1,0,1
BRDA:17,2,0,0
BRDA:24,3,0,1
BRDA:33,4,0,0
BRDA:28,5,0,1
BRDA:41,6,0,1
BRDA:53,7,0,0
BRDA:43,8,0,1
BRDA:47,9,0,1
BRDA:48,10,0,1
BRDA:49,11,0,0
BRDA:60,12,0,1
BRDA:67,13,0,0
BRDA:63,14,0,1
BRDA:64,15,0,1
BRF:16
BRH:11
end_of_record
TN:
SF:src/store/useTodoStoreJSON.js
FN:5,fetchTodos
FNF:1
FNH:1
FNDA:1,fetchTodos
DA:1,1
DA:3,1
DA:4,1
DA:5,1
DA:6,1
DA:7,1
DA:8,1
DA:9,1
DA:10,1
LF:9
LH:9
BRDA:3,0,0,1
BRDA:5,1,0,1
BRF:2
BRH:2
end_of_record
TN:
SF:src/store/useTodoStoreMock.js
FN:5,fetchTodos
FNF:1
FNH:1
FNDA:1,fetchTodos
DA:1,1
DA:3,1
DA:4,1
DA:5,1
DA:6,1
DA:7,1
DA:8,1
DA:9,1
DA:10,1
LF:9
LH:9
BRDA:3,0,0,1
BRDA:5,1,0,1
BRF:2
BRH:2
end_of_record
