TN:
SF:src/store/useTodoStore.js
FN:5,addTodo
FN:9,toggleTodo
FN:15,deleteTodo
FNF:3
FNH:3
FNDA:3,addTodo
FNDA:1,toggleTodo
FNDA:1,deleteTodo
DA:1,1
DA:3,1
DA:4,1
DA:5,1
DA:6,3
DA:7,3
DA:8,1
DA:9,1
DA:10,1
DA:11,1
DA:12,1
DA:13,1
DA:14,1
DA:15,1
DA:16,1
DA:17,1
DA:18,1
DA:19,1
LF:18
LH:18
BRDA:3,0,0,1
BRDA:5,1,0,3
BRDA:6,2,0,3
BRDA:9,3,0,1
BRDA:10,4,0,1
BRDA:11,5,0,1
BRDA:12,6,0,0
BRDA:15,7,0,1
BRDA:16,8,0,1
BRDA:17,9,0,1
BRF:10
BRH:9
end_of_record
TN:
SF:src/store/useTodoStoreJSON.js
FN:5,fetchTodos
FNF:1
FNH:1
FNDA:1,fetchTodos
DA:1,1
DA:3,1
DA:4,1
DA:5,1
DA:6,1
DA:7,1
DA:8,1
DA:9,1
DA:10,1
LF:9
LH:9
BRDA:3,0,0,1
BRDA:5,1,0,1
BRF:2
BRH:2
end_of_record
TN:
SF:src/store/useTodoStoreMock.js
FN:5,fetchTodos
FNF:1
FNH:1
FNDA:1,fetchTodos
DA:1,1
DA:3,1
DA:4,1
DA:5,1
DA:6,1
DA:7,1
DA:8,1
DA:9,1
DA:10,1
LF:9
LH:9
BRDA:3,0,0,1
BRDA:5,1,0,1
BRF:2
BRH:2
end_of_record
